This is XeTeX, Version 3.14159265-2.6-0.99996 (TeX Live 2016) (preloaded format=xelatex 2016.7.18)  17 SEP 2016 16:24
entering extended mode
 restricted \write18 enabled.
 %&-line parsing enabled.
**Coursepack-MY451.tex
(./Coursepack-MY451.tex
LaTeX2e <2016/03/31>
Babel <3.9r> and hyphenation patterns for 22 language(s) loaded.
(/usr/local/texlive/2016basic/texmf-dist/tex/latex/base/book.cls
Document Class: book 2014/09/29 v1.4h Standard LaTeX document class
(/usr/local/texlive/2016basic/texmf-dist/tex/latex/base/bk11.clo
File: bk11.clo 2014/09/29 v1.4h Standard LaTeX file (size option)
)
\c@part=\count79
\c@chapter=\count80
\c@section=\count81
\c@subsection=\count82
\c@subsubsection=\count83
\c@paragraph=\count84
\c@subparagraph=\count85
\c@figure=\count86
\c@table=\count87
\abovecaptionskip=\skip41
\belowcaptionskip=\skip42
\bibindent=\dimen102
) (/usr/local/texlive/2016basic/texmf-dist/tex/latex/footmisc/footmisc.sty
Package: footmisc 2011/06/06 v5.5b a miscellany of footnote facilities
\FN@temptoken=\toks14
\footnotemargin=\dimen103
\c@pp@next@reset=\count88
Package footmisc Info: Declaring symbol style bringhurst on input line 855.
Package footmisc Info: Declaring symbol style chicago on input line 863.
Package footmisc Info: Declaring symbol style wiley on input line 872.
Package footmisc Info: Declaring symbol style lamport-robust on input line 883.

Package footmisc Info: Declaring symbol style lamport* on input line 903.
Package footmisc Info: Declaring symbol style lamport*-robust on input line 924
.
) (/usr/local/texlive/2016basic/texmf-dist/tex/latex/graphics/epsfig.sty
Package: epsfig 1999/02/16 v1.7a (e)psfig emulation (SPQR)
(/usr/local/texlive/2016basic/texmf-dist/tex/latex/graphics/graphicx.sty
Package: graphicx 2014/10/28 v1.0g Enhanced LaTeX Graphics (DPC,SPQR)
(/usr/local/texlive/2016basic/texmf-dist/tex/latex/graphics/keyval.sty
Package: keyval 2014/10/28 v1.15 key=value parser (DPC)
\KV@toks@=\toks15
) (/usr/local/texlive/2016basic/texmf-dist/tex/latex/graphics/graphics.sty
Package: graphics 2016/07/10 v1.0t Standard LaTeX Graphics (DPC,SPQR)
(/usr/local/texlive/2016basic/texmf-dist/tex/latex/graphics/trig.sty
Package: trig 2016/01/03 v1.10 sin cos tan (DPC)
) (/usr/local/texlive/2016basic/texmf-dist/tex/latex/graphics-cfg/graphics.cfg
File: graphics.cfg 2016/06/04 v1.11 sample graphics configuration
)
Package graphics Info: Driver file: xetex.def on input line 99.
(/usr/local/texlive/2016basic/texmf-dist/tex/latex/graphics-def/xetex.def
File: xetex.def 2016/07/11 v4.10 LaTeX color/graphics driver for XeTeX (L3/RRM/
JK)
))
\Gin@req@height=\dimen104
\Gin@req@width=\dimen105
)
\epsfxsize=\dimen106
\epsfysize=\dimen107
) (/usr/local/texlive/2016basic/texmf-dist/tex/latex/amsmath/amsmath.sty
Package: amsmath 2016/06/28 v2.15d AMS math features
\@mathmargin=\skip43
For additional information on amsmath, use the `?' option.
(/usr/local/texlive/2016basic/texmf-dist/tex/latex/amsmath/amstext.sty
Package: amstext 2000/06/29 v2.01 AMS text
(/usr/local/texlive/2016basic/texmf-dist/tex/latex/amsmath/amsgen.sty
File: amsgen.sty 1999/11/30 v2.0 generic functions
\@emptytoks=\toks16
\ex@=\dimen108
)) (/usr/local/texlive/2016basic/texmf-dist/tex/latex/amsmath/amsbsy.sty
Package: amsbsy 1999/11/29 v1.2d Bold Symbols
\pmbraise@=\dimen109
) (/usr/local/texlive/2016basic/texmf-dist/tex/latex/amsmath/amsopn.sty
Package: amsopn 2016/03/08 v2.02 operator names
)
\inf@bad=\count89
LaTeX Info: Redefining \frac on input line 199.
\uproot@=\count90
\leftroot@=\count91
LaTeX Info: Redefining \overline on input line 297.
\classnum@=\count92
\DOTSCASE@=\count93
LaTeX Info: Redefining \ldots on input line 394.
LaTeX Info: Redefining \dots on input line 397.
LaTeX Info: Redefining \cdots on input line 518.
\Mathstrutbox@=\box26
\strutbox@=\box27
\big@size=\dimen110
LaTeX Font Info:    Redeclaring font encoding OML on input line 634.
LaTeX Font Info:    Redeclaring font encoding OMS on input line 635.
\macc@depth=\count94
\c@MaxMatrixCols=\count95
\dotsspace@=\muskip10
\c@parentequation=\count96
\dspbrk@lvl=\count97
\tag@help=\toks17
\row@=\count98
\column@=\count99
\maxfields@=\count100
\andhelp@=\toks18
\eqnshift@=\dimen111
\alignsep@=\dimen112
\tagshift@=\dimen113
\tagwidth@=\dimen114
\totwidth@=\dimen115
\lineht@=\dimen116
\@envbody=\toks19
\multlinegap=\skip44
\multlinetaggap=\skip45
\mathdisplay@stack=\toks20
LaTeX Info: Redefining \[ on input line 2739.
LaTeX Info: Redefining \] on input line 2740.
) (/usr/local/texlive/2016basic/texmf-dist/tex/latex/tools/verbatim.sty
Package: verbatim 2014/10/28 v1.5q LaTeX2e package for verbatim enhancements
\every@verbatim=\toks21
\verbatim@line=\toks22
\verbatim@in@stream=\read1
) (/usr/local/texlive/2016basic/texmf-dist/tex/latex/eepic/epic.sty
Enhancements to Picture Environment. Version 1.2 - Released June 1, 1986
\@@multicnt=\count101
\d@lta=\count102
\@delta=\dimen117
\@@delta=\dimen118
\@gridcnt=\count103
\@joinkind=\count104
\@dotgap=\dimen119
\@ddotgap=\dimen120
\@x@diff=\count105
\@y@diff=\count106
\x@diff=\dimen121
\y@diff=\dimen122
\@dotbox=\box28
\num@segments=\count107
\num@segmentsi=\count108
\@datafile=\read2
) (/usr/local/texlive/2016basic/texmf-dist/tex/latex/natbib/natbib.sty
Package: natbib 2010/09/13 8.31b (PWD, AO)
\bibhang=\skip46
\bibsep=\skip47
LaTeX Info: Redefining \cite on input line 694.
\c@NAT@ctr=\count109
) (/usr/local/texlive/2016basic/texmf-dist/tex/latex/graphics/color.sty
Package: color 2016/07/10 v1.1e Standard LaTeX Color (DPC)
(/usr/local/texlive/2016basic/texmf-dist/tex/latex/graphics-cfg/color.cfg
File: color.cfg 2016/01/02 v1.6 sample color configuration
)
Package color Info: Driver file: xetex.def on input line 147.
) (/usr/local/texlive/2016basic/texmf-dist/tex/latex/fancyvrb/fancyvrb.sty
Package: fancyvrb 2008/02/07

Style option: `fancyvrb' v2.7a, with DG/SPQR fixes, and firstline=lastline fix 
<2008/02/07> (tvz)
\FV@CodeLineNo=\count110
\FV@InFile=\read3
\FV@TabBox=\box29
\c@FancyVerbLine=\count111
\FV@StepNumber=\count112
\FV@OutFile=\write3
) (/usr/local/texlive/2016basic/texmf-dist/tex/latex/cite/chapterbib.sty
\c@inputfile=\count113
Package: chapterbib 2010/09/18  v 1.17
) (/usr/local/texlive/2016basic/texmf-dist/tex/latex/hyperref/hyperref.sty
Package: hyperref 2016/06/24 v6.83q Hypertext links for LaTeX

(/usr/local/texlive/2016basic/texmf-dist/tex/generic/oberdiek/hobsub-hyperref.s
ty
Package: hobsub-hyperref 2016/05/16 v1.14 Bundle oberdiek, subset hyperref (HO)


(/usr/local/texlive/2016basic/texmf-dist/tex/generic/oberdiek/hobsub-generic.st
y
Package: hobsub-generic 2016/05/16 v1.14 Bundle oberdiek, subset generic (HO)
Package: hobsub 2016/05/16 v1.14 Construct package bundles (HO)
Package: infwarerr 2016/05/16 v1.4 Providing info/warning/error messages (HO)
Package: ltxcmds 2016/05/16 v1.23 LaTeX kernel commands for general use (HO)
Package: ifluatex 2016/05/16 v1.4 Provides the ifluatex switch (HO)
Package ifluatex Info: LuaTeX not detected.
Package: ifvtex 2016/05/16 v1.6 Detect VTeX and its facilities (HO)
Package ifvtex Info: VTeX not detected.
Package: intcalc 2016/05/16 v1.2 Expandable calculations with integers (HO)
Package: ifpdf 2016/05/14 v3.1 Provides the ifpdf switch
Package: etexcmds 2016/05/16 v1.6 Avoid name clashes with e-TeX commands (HO)
Package etexcmds Info: Could not find \expanded.
(etexcmds)             That can mean that you are not using pdfTeX 1.50 or
(etexcmds)             that some package has redefined \expanded.
(etexcmds)             In the latter case, load this package earlier.
Package: kvsetkeys 2016/05/16 v1.17 Key value parser (HO)
Package: kvdefinekeys 2016/05/16 v1.4 Define keys (HO)
Package: pdftexcmds 2016/05/21 v0.22 Utility functions of pdfTeX for LuaTeX (HO
)
Package pdftexcmds Info: LuaTeX not detected.
Package pdftexcmds Info: pdfTeX >= 1.30 not detected.
Package pdftexcmds Info: \pdf@primitive is available.
Package pdftexcmds Info: \pdf@ifprimitive is available.
Package pdftexcmds Info: \pdfdraftmode not found.
Package: pdfescape 2016/05/16 v1.14 Implements pdfTeX's escape features (HO)
Package: bigintcalc 2016/05/16 v1.4 Expandable calculations on big integers (HO
)
Package: bitset 2016/05/16 v1.2 Handle bit-vector datatype (HO)
Package: uniquecounter 2016/05/16 v1.3 Provide unlimited unique counter (HO)
)
Package hobsub Info: Skipping package `hobsub' (already loaded).
Package: letltxmacro 2016/05/16 v1.5 Let assignment for LaTeX macros (HO)
Package: hopatch 2016/05/16 v1.3 Wrapper for package hooks (HO)
Package: xcolor-patch 2016/05/16 xcolor patch
Package: atveryend 2016/05/16 v1.9 Hooks at the very end of document (HO)
Package atveryend Info: \enddocument detected (standard20110627).
Package: atbegshi 2016/06/09 v1.18 At begin shipout hook (HO)
Package: refcount 2016/05/16 v3.5 Data extraction from label references (HO)
Package: hycolor 2016/05/16 v1.8 Color options for hyperref/bookmark (HO)
) (/usr/local/texlive/2016basic/texmf-dist/tex/generic/ifxetex/ifxetex.sty
Package: ifxetex 2010/09/12 v0.6 Provides ifxetex conditional
) (/usr/local/texlive/2016basic/texmf-dist/tex/latex/oberdiek/auxhook.sty
Package: auxhook 2016/05/16 v1.4 Hooks for auxiliary files (HO)
) (/usr/local/texlive/2016basic/texmf-dist/tex/latex/oberdiek/kvoptions.sty
Package: kvoptions 2016/05/16 v3.12 Key value format for package options (HO)
)
\@linkdim=\dimen123
\Hy@linkcounter=\count114
\Hy@pagecounter=\count115
(/usr/local/texlive/2016basic/texmf-dist/tex/latex/hyperref/pd1enc.def
File: pd1enc.def 2016/06/24 v6.83q Hyperref: PDFDocEncoding definition (HO)
)
\Hy@SavedSpaceFactor=\count116
(/usr/local/texlive/2016basic/texmf-dist/tex/latex/latexconfig/hyperref.cfg
File: hyperref.cfg 2002/06/06 v1.2 hyperref configuration of TeXLive
)
Package hyperref Info: Hyper figures OFF on input line 4486.
Package hyperref Info: Link nesting OFF on input line 4491.
Package hyperref Info: Hyper index ON on input line 4494.
Package hyperref Info: Plain pages OFF on input line 4501.
Package hyperref Info: Backreferencing OFF on input line 4506.
Package hyperref Info: Implicit mode ON; LaTeX internals redefined.
Package hyperref Info: Bookmarks ON on input line 4735.
\c@Hy@tempcnt=\count117
(/usr/local/texlive/2016basic/texmf-dist/tex/latex/url/url.sty
\Urlmuskip=\muskip11
Package: url 2013/09/16  ver 3.4  Verb mode for urls, etc.
)
LaTeX Info: Redefining \url on input line 5088.
\XeTeXLinkMargin=\dimen124
\Fld@menulength=\count118
\Field@Width=\dimen125
\Fld@charsize=\dimen126
Package hyperref Info: Hyper figures OFF on input line 6342.
Package hyperref Info: Link nesting OFF on input line 6347.
Package hyperref Info: Hyper index ON on input line 6350.
Package hyperref Info: backreferencing OFF on input line 6357.
Package hyperref Info: Link coloring OFF on input line 6362.
Package hyperref Info: Link coloring with OCG OFF on input line 6367.
Package hyperref Info: PDF/A mode OFF on input line 6372.
LaTeX Info: Redefining \ref on input line 6412.
LaTeX Info: Redefining \pageref on input line 6416.
\Hy@abspage=\count119
\c@Item=\count120
\c@Hfootnote=\count121
)

Package hyperref Message: Driver (autodetected): hxetex.

(/usr/local/texlive/2016basic/texmf-dist/tex/latex/hyperref/hxetex.def
File: hxetex.def 2016/06/24 v6.83q Hyperref driver for XeTeX
(/usr/local/texlive/2016basic/texmf-dist/tex/latex/hyperref/puenc.def
File: puenc.def 2016/06/24 v6.83q Hyperref: PDF Unicode definition (HO)
) (/usr/local/texlive/2016basic/texmf-dist/tex/generic/oberdiek/stringenc.sty
Package: stringenc 2016/05/16 v1.11 Convert strings between diff. encodings (HO
)
)
\pdfm@box=\box30
\c@Hy@AnnotLevel=\count122
\HyField@AnnotCount=\count123
\Fld@listcount=\count124
\c@bookmark@seq@number=\count125
(/usr/local/texlive/2016basic/texmf-dist/tex/latex/oberdiek/rerunfilecheck.sty
Package: rerunfilecheck 2016/05/16 v1.8 Rerun checks for auxiliary files (HO)
Package rerunfilecheck Info: Feature \pdfmdfivesum is not available
(rerunfilecheck)             (e.g. pdfTeX or LuaTeX with package `pdftexcmds').

(rerunfilecheck)             Therefore file contents cannot be checked efficien
tly
(rerunfilecheck)             and the loading of the package is aborted.
)
\Hy@SectionHShift=\skip48
) (/usr/local/texlive/2016basic/texmf-dist/tex/latex/lm/lmodern.sty
Package: lmodern 2009/10/30 v1.6 Latin Modern Fonts
LaTeX Font Info:    Overwriting symbol font `operators' in version `normal'
(Font)                  OT1/cmr/m/n --> OT1/lmr/m/n on input line 22.
LaTeX Font Info:    Overwriting symbol font `letters' in version `normal'
(Font)                  OML/cmm/m/it --> OML/lmm/m/it on input line 23.
LaTeX Font Info:    Overwriting symbol font `symbols' in version `normal'
(Font)                  OMS/cmsy/m/n --> OMS/lmsy/m/n on input line 24.
LaTeX Font Info:    Overwriting symbol font `largesymbols' in version `normal'
(Font)                  OMX/cmex/m/n --> OMX/lmex/m/n on input line 25.
LaTeX Font Info:    Overwriting symbol font `operators' in version `bold'
(Font)                  OT1/cmr/bx/n --> OT1/lmr/bx/n on input line 26.
LaTeX Font Info:    Overwriting symbol font `letters' in version `bold'
(Font)                  OML/cmm/b/it --> OML/lmm/b/it on input line 27.
LaTeX Font Info:    Overwriting symbol font `symbols' in version `bold'
(Font)                  OMS/cmsy/b/n --> OMS/lmsy/b/n on input line 28.
LaTeX Font Info:    Overwriting symbol font `largesymbols' in version `bold'
(Font)                  OMX/cmex/m/n --> OMX/lmex/m/n on input line 29.
LaTeX Font Info:    Overwriting math alphabet `\mathbf' in version `normal'
(Font)                  OT1/cmr/bx/n --> OT1/lmr/bx/n on input line 31.
LaTeX Font Info:    Overwriting math alphabet `\mathsf' in version `normal'
(Font)                  OT1/cmss/m/n --> OT1/lmss/m/n on input line 32.
LaTeX Font Info:    Overwriting math alphabet `\mathit' in version `normal'
(Font)                  OT1/cmr/m/it --> OT1/lmr/m/it on input line 33.
LaTeX Font Info:    Overwriting math alphabet `\mathtt' in version `normal'
(Font)                  OT1/cmtt/m/n --> OT1/lmtt/m/n on input line 34.
LaTeX Font Info:    Overwriting math alphabet `\mathbf' in version `bold'
(Font)                  OT1/cmr/bx/n --> OT1/lmr/bx/n on input line 35.
LaTeX Font Info:    Overwriting math alphabet `\mathsf' in version `bold'
(Font)                  OT1/cmss/bx/n --> OT1/lmss/bx/n on input line 36.
LaTeX Font Info:    Overwriting math alphabet `\mathit' in version `bold'
(Font)                  OT1/cmr/bx/it --> OT1/lmr/bx/it on input line 37.
LaTeX Font Info:    Overwriting math alphabet `\mathtt' in version `bold'
(Font)                  OT1/cmtt/m/n --> OT1/lmtt/m/n on input line 38.
) (/usr/local/texlive/2016basic/texmf-dist/tex/latex/amsfonts/amssymb.sty
Package: amssymb 2013/01/14 v3.01 AMS font symbols
(/usr/local/texlive/2016basic/texmf-dist/tex/latex/amsfonts/amsfonts.sty
Package: amsfonts 2013/01/14 v3.01 Basic AMSFonts support
\symAMSa=\mathgroup4
\symAMSb=\mathgroup5
LaTeX Font Info:    Overwriting math alphabet `\mathfrak' in version `bold'
(Font)                  U/euf/m/n --> U/euf/b/n on input line 106.
)) (/usr/local/texlive/2016basic/texmf-dist/tex/latex/base/fixltx2e.sty
Package: fixltx2e 2015/06/22 v2.0b fixes to LaTeX (obsolete)

Package fixltx2e Warning: fixltx2e is not required with releases after 2015
(fixltx2e)                All fixes are now in the LaTeX kernel.
(fixltx2e)                See the latexrelease package for details.

) (/usr/local/texlive/2016basic/texmf-dist/tex/xelatex/mathspec/mathspec.sty
Package: mathspec 2009/09/30 v0.2 LaTeX Package (Mathematics font selection for
 XeLaTeX)
(/usr/local/texlive/2016basic/texmf-dist/tex/latex/etoolbox/etoolbox.sty
Package: etoolbox 2015/08/02 v2.2a e-TeX tools for LaTeX (JAW)
\etb@tempcnta=\count126
) (/usr/local/texlive/2016basic/texmf-dist/tex/latex/fontspec/fontspec.sty (/us
r/local/texlive/2016basic/texmf-dist/tex/latex/l3kernel/expl3.sty
Package: expl3 2016/05/18 v6512 L3 programming layer (loader) 
(/usr/local/texlive/2016basic/texmf-dist/tex/latex/l3kernel/expl3-code.tex
Package: expl3 2016/05/18 v6512 L3 programming layer (code)
L3 Module: l3bootstrap 2016/02/12 v6412 L3 Bootstrap code
L3 Module: l3names 2016/03/11 v6433 L3 Namespace for primitives
L3 Module: l3basics 2015/11/22 v6315 L3 Basic definitions
L3 Module: l3expan 2015/09/10 v5983 L3 Argument expansion
L3 Module: l3tl 2016/03/26 v6465 L3 Token lists
L3 Module: l3str 2016/03/24 v6441 L3 Strings
L3 Module: l3seq 2015/08/05 v5777 L3 Sequences and stacks
L3 Module: l3int 2016/03/24 v6441 L3 Integers
\c_max_int=\count127
\l_tmpa_int=\count128
\l_tmpb_int=\count129
\g_tmpa_int=\count130
\g_tmpb_int=\count131
L3 Module: l3quark 2015/08/17 v5855 L3 Quarks
L3 Module: l3prg 2015/11/01 v6216 L3 Control structures
\g__prg_map_int=\count132
L3 Module: l3clist 2015/09/02 v5901 L3 Comma separated lists
L3 Module: l3token 2016/04/03 v6470 L3 Experimental token manipulation
L3 Module: l3prop 2016/01/05 v6366 L3 Property lists
L3 Module: l3msg 2016/03/26 v6464 L3 Messages
L3 Module: l3file 2016/03/25 v6458 L3 File and I/O operations
\l_iow_line_count_int=\count133
\l__iow_target_count_int=\count134
\l__iow_current_line_int=\count135
\l__iow_current_word_int=\count136
\l__iow_current_indentation_int=\count137
L3 Module: l3skip 2016/01/05 v6366 L3 Dimensions and skips
\c_zero_dim=\dimen127
\c_max_dim=\dimen128
\l_tmpa_dim=\dimen129
\l_tmpb_dim=\dimen130
\g_tmpa_dim=\dimen131
\g_tmpb_dim=\dimen132
\c_zero_skip=\skip49
\c_max_skip=\skip50
\l_tmpa_skip=\skip51
\l_tmpb_skip=\skip52
\g_tmpa_skip=\skip53
\g_tmpb_skip=\skip54
\c_zero_muskip=\muskip12
\c_max_muskip=\muskip13
\l_tmpa_muskip=\muskip14
\l_tmpb_muskip=\muskip15
\g_tmpa_muskip=\muskip16
\g_tmpb_muskip=\muskip17
L3 Module: l3keys 2015/11/17 v6284 L3 Key-value interfaces
\g__keyval_level_int=\count138
\l_keys_choice_int=\count139
L3 Module: l3fp 2016/03/26 v6465 L3 Floating points
\c__fp_leading_shift_int=\count140
\c__fp_middle_shift_int=\count141
\c__fp_trailing_shift_int=\count142
\c__fp_big_leading_shift_int=\count143
\c__fp_big_middle_shift_int=\count144
\c__fp_big_trailing_shift_int=\count145
\c__fp_Bigg_leading_shift_int=\count146
\c__fp_Bigg_middle_shift_int=\count147
\c__fp_Bigg_trailing_shift_int=\count148
L3 Module: l3box 2015/08/09 v5822 L3 Experimental boxes
\c_empty_box=\box31
\l_tmpa_box=\box32
\l_tmpb_box=\box33
\g_tmpa_box=\box34
\g_tmpb_box=\box35
L3 Module: l3coffins 2016/05/17 v6508 L3 Coffin code layer
\l__coffin_internal_box=\box36
\l__coffin_internal_dim=\dimen133
\l__coffin_offset_x_dim=\dimen134
\l__coffin_offset_y_dim=\dimen135
\l__coffin_x_dim=\dimen136
\l__coffin_y_dim=\dimen137
\l__coffin_x_prime_dim=\dimen138
\l__coffin_y_prime_dim=\dimen139
\c_empty_coffin=\box37
\l__coffin_aligned_coffin=\box38
\l__coffin_aligned_internal_coffin=\box39
\l_tmpa_coffin=\box40
\l_tmpb_coffin=\box41
\l__coffin_display_coffin=\box42
\l__coffin_display_coord_coffin=\box43
\l__coffin_display_pole_coffin=\box44
\l__coffin_display_offset_dim=\dimen140
\l__coffin_display_x_dim=\dimen141
\l__coffin_display_y_dim=\dimen142
L3 Module: l3color 2014/08/23 v5354 L3 Experimental color support
L3 Module: l3sys 2015/09/25 v6087 L3 Experimental system/runtime functions
L3 Module: l3candidates 2016/05/13 v6484 L3 Experimental additions to l3kernel
\l__box_top_dim=\dimen143
\l__box_bottom_dim=\dimen144
\l__box_left_dim=\dimen145
\l__box_right_dim=\dimen146
\l__box_top_new_dim=\dimen147
\l__box_bottom_new_dim=\dimen148
\l__box_left_new_dim=\dimen149
\l__box_right_new_dim=\dimen150
\l__box_internal_box=\box45
\l__coffin_bounding_shift_dim=\dimen151
\l__coffin_left_corner_dim=\dimen152
\l__coffin_right_corner_dim=\dimen153
\l__coffin_bottom_corner_dim=\dimen154
\l__coffin_top_corner_dim=\dimen155
\l__coffin_scaled_total_height_dim=\dimen156
\l__coffin_scaled_width_dim=\dimen157
L3 Module: l3luatex 2016/03/26 v6465 L3 Experimental LuaTeX-specific functions
) (/usr/local/texlive/2016basic/texmf-dist/tex/latex/l3kernel/l3xdvipdfmx.def
File: l3xdvidpfmx.def 2016/03/26 v6465 L3 Experimental driver: xdvipdfmx
\l__driver_tmp_box=\box46
))
(/usr/local/texlive/2016basic/texmf-dist/tex/latex/l3packages/xparse/xparse.sty
Package: xparse 2016/05/18 v6512 L3 Experimental document command parser
\l__xparse_current_arg_int=\count149
\l__xparse_m_args_int=\count150
\l__xparse_mandatory_args_int=\count151
\l__xparse_processor_int=\count152
\l__xparse_v_nesting_int=\count153
)
Package: fontspec 2016/02/01 v2.5a Font selection for XeLaTeX and LuaLaTeX
(/usr/local/texlive/2016basic/texmf-dist/tex/latex/fontspec/fontspec-xetex.sty
Package: fontspec-xetex 2016/02/01 v2.5a Font selection for XeLaTeX and LuaLaTe
X
\l_fontspec_script_int=\count154
\l_fontspec_language_int=\count155
\l_fontspec_strnum_int=\count156
\l__fontspec_tmpa_dim=\dimen158
\l__fontspec_tmpb_dim=\dimen159
\l__fontspec_tmpc_dim=\dimen160
\g__file_internal_ior=\read4
(/usr/local/texlive/2016basic/texmf-dist/tex/latex/base/fontenc.sty
Package: fontenc 2016/06/19 v1.99m Standard LaTeX package
(/usr/local/texlive/2016basic/texmf-dist/tex/latex/euenc/eu1enc.def
File: eu1enc.def 2010/05/27 v0.1h Experimental Unicode font encodings
)
LaTeX Font Info:    Try loading font information for EU1+lmr on input line 105.

(/usr/local/texlive/2016basic/texmf-dist/tex/latex/euenc/eu1lmr.fd
File: eu1lmr.fd 2009/10/30 v1.6 Font defs for Latin Modern
)) (/usr/local/texlive/2016basic/texmf-dist/tex/xelatex/xunicode/xunicode.sty
File: xunicode.sty 2011/09/09 v0.981 provides access to latin accents and many 
other characters in Unicode lower plane
(/usr/local/texlive/2016basic/texmf-dist/tex/latex/tipa/t3enc.def
File: t3enc.def 2001/12/31 T3 encoding
LaTeX Font Info:    Try loading font information for EU1+lmss on input line 357
.
(/usr/local/texlive/2016basic/texmf-dist/tex/latex/euenc/eu1lmss.fd
File: eu1lmss.fd 2009/10/30 v1.6 Font defs for Latin Modern
))
\tipaTiiicode=\count157
\tipasavetokens=\toks23
\tipachecktokens=\toks24
)
.................................................
. LaTeX info: "xparse/define-command"
. 
. Defining command \__fontspec_post_arg:w with sig. 'mmO{}' on line 353.
.................................................
.................................................
. LaTeX info: "xparse/define-command"
. 
. Defining command \fontspec with sig. 'om' on line 355.
.................................................
.................................................
. LaTeX info: "xparse/define-command"
. 
. Defining command \setmainfont with sig. 'om' on line 365.
.................................................
.................................................
. LaTeX info: "xparse/define-command"
. 
. Defining command \setsansfont with sig. 'om' on line 375.
.................................................
.................................................
. LaTeX info: "xparse/define-command"
. 
. Defining command \setmonofont with sig. 'om' on line 385.
.................................................
.................................................
. LaTeX info: "xparse/define-command"
. 
. Defining command \setmathrm with sig. 'om' on line 399.
.................................................
.................................................
. LaTeX info: "xparse/define-command"
. 
. Defining command \setboldmathrm with sig. 'om' on line 407.
.................................................
.................................................
. LaTeX info: "xparse/define-command"
. 
. Defining command \setmathsf with sig. 'om' on line 415.
.................................................
.................................................
. LaTeX info: "xparse/define-command"
. 
. Defining command \setmathtt with sig. 'om' on line 423.
.................................................
.................................................
. LaTeX info: "xparse/define-command"
. 
. Defining command \newfontfamily with sig. 'mom' on line 437.
.................................................
.................................................
. LaTeX info: "xparse/define-command"
. 
. Defining command \newfontface with sig. 'mom' on line 453.
.................................................
.................................................
. LaTeX info: "xparse/define-command"
. 
. Defining command \defaultfontfeatures with sig. 't+om' on line 467.
.................................................
.................................................
. LaTeX info: "xparse/define-command"
. 
. Defining command \addfontfeatures with sig. 'm' on line 529.
.................................................
.................................................
. LaTeX info: "xparse/define-command"
. 
. Defining command \newfontfeature with sig. 'mm' on line 540.
.................................................
.................................................
. LaTeX info: "xparse/define-command"
. 
. Defining command \newAATfeature with sig. 'mmmm' on line 548.
.................................................
.................................................
. LaTeX info: "xparse/define-command"
. 
. Defining command \newopentypefeature with sig. 'mmm' on line 556.
.................................................
.................................................
. LaTeX info: "xparse/define-command"
. 
. Defining command \aliasfontfeature with sig. 'mm' on line 577.
.................................................
.................................................
. LaTeX info: "xparse/define-command"
. 
. Defining command \aliasfontfeatureoption with sig. 'mmm' on line 586.
.................................................
.................................................
. LaTeX info: "xparse/define-command"
. 
. Defining command \newfontscript with sig. 'mm' on line 590.
.................................................
.................................................
. LaTeX info: "xparse/define-command"
. 
. Defining command \newfontlanguage with sig. 'mm' on line 594.
.................................................
.................................................
. LaTeX info: "xparse/define-command"
. 
. Defining command \DeclareFontsExtensions with sig. 'm' on line 599.
.................................................
\l__fontspec_tmp_int=\count158
(/usr/local/texlive/2016basic/texmf-dist/tex/latex/fontspec/fontspec.cfg)
LaTeX Info: Redefining \itshape on input line 2705.
LaTeX Info: Redefining \slshape on input line 2710.
LaTeX Info: Redefining \scshape on input line 2715.
LaTeX Info: Redefining \upshape on input line 2720.
\l__fontspec_em_int=\count159
\l__fontspec_emdef_int=\count160
LaTeX Info: Redefining \em on input line 2736.
LaTeX Info: Redefining \emph on input line 2742.
LaTeX Info: Redefining \- on input line 2746.
.................................................
. LaTeX info: "xparse/redefine-command"
. 
. Redefining command \oldstylenums with sig. 'm' on line 2841.
.................................................
.................................................
. LaTeX info: "xparse/define-command"
. 
. Defining command \liningnums with sig. 'm' on line 2845.
.................................................
)) (/usr/local/texlive/2016basic/texmf-dist/tex/latex/xkeyval/xkeyval.sty
Package: xkeyval 2014/12/03 v2.7a package option processing (HA)
(/usr/local/texlive/2016basic/texmf-dist/tex/generic/xkeyval/xkeyval.tex (/usr/
local/texlive/2016basic/texmf-dist/tex/generic/xkeyval/xkvutils.tex
\XKV@toks=\toks25
\XKV@tempa@toks=\toks26
)
\XKV@depth=\count161
File: xkeyval.tex 2014/12/03 v2.7a key=value parser (HA)
))
\c@eu@=\count162
\c@eu@i=\count163
\c@mkern=\count164
) (/usr/local/texlive/2016basic/texmf-dist/tex/latex/upquote/upquote.sty
Package: upquote 2012/04/19 v1.3 upright-quote and grave-accent glyphs in verba
tim
(/usr/local/texlive/2016basic/texmf-dist/tex/latex/base/textcomp.sty
Package: textcomp 2016/06/19 v1.99m Standard LaTeX package
Package textcomp Info: Sub-encoding information:
(textcomp)               5 = only ISO-Adobe without \textcurrency
(textcomp)               4 = 5 + \texteuro
(textcomp)               3 = 4 + \textohm
(textcomp)               2 = 3 + \textestimated + \textcurrency
(textcomp)               1 = TS1 - \textcircled - \t
(textcomp)               0 = TS1 (full)
(textcomp)             Font families with sub-encoding setting implement
(textcomp)             only a restricted character set as indicated.
(textcomp)             Family '?' is the default used for unknown fonts.
(textcomp)             See the documentation for details.
Package textcomp Info: Setting ? sub-encoding to TS1/1 on input line 79.
(/usr/local/texlive/2016basic/texmf-dist/tex/latex/base/ts1enc.def
File: ts1enc.def 2001/06/05 v3.0e (jk/car/fm) Standard LaTeX file
)
LaTeX Info: Redefining \oldstylenums on input line 334.
Package textcomp Info: Setting cmr sub-encoding to TS1/0 on input line 349.
Package textcomp Info: Setting cmss sub-encoding to TS1/0 on input line 350.
Package textcomp Info: Setting cmtt sub-encoding to TS1/0 on input line 351.
Package textcomp Info: Setting cmvtt sub-encoding to TS1/0 on input line 352.
Package textcomp Info: Setting cmbr sub-encoding to TS1/0 on input line 353.
Package textcomp Info: Setting cmtl sub-encoding to TS1/0 on input line 354.
Package textcomp Info: Setting ccr sub-encoding to TS1/0 on input line 355.
Package textcomp Info: Setting ptm sub-encoding to TS1/4 on input line 356.
Package textcomp Info: Setting pcr sub-encoding to TS1/4 on input line 357.
Package textcomp Info: Setting phv sub-encoding to TS1/4 on input line 358.
Package textcomp Info: Setting ppl sub-encoding to TS1/3 on input line 359.
Package textcomp Info: Setting pag sub-encoding to TS1/4 on input line 360.
Package textcomp Info: Setting pbk sub-encoding to TS1/4 on input line 361.
Package textcomp Info: Setting pnc sub-encoding to TS1/4 on input line 362.
Package textcomp Info: Setting pzc sub-encoding to TS1/4 on input line 363.
Package textcomp Info: Setting bch sub-encoding to TS1/4 on input line 364.
Package textcomp Info: Setting put sub-encoding to TS1/5 on input line 365.
Package textcomp Info: Setting uag sub-encoding to TS1/5 on input line 366.
Package textcomp Info: Setting ugq sub-encoding to TS1/5 on input line 367.
Package textcomp Info: Setting ul8 sub-encoding to TS1/4 on input line 368.
Package textcomp Info: Setting ul9 sub-encoding to TS1/4 on input line 369.
Package textcomp Info: Setting augie sub-encoding to TS1/5 on input line 370.
Package textcomp Info: Setting dayrom sub-encoding to TS1/3 on input line 371.
Package textcomp Info: Setting dayroms sub-encoding to TS1/3 on input line 372.

Package textcomp Info: Setting pxr sub-encoding to TS1/0 on input line 373.
Package textcomp Info: Setting pxss sub-encoding to TS1/0 on input line 374.
Package textcomp Info: Setting pxtt sub-encoding to TS1/0 on input line 375.
Package textcomp Info: Setting txr sub-encoding to TS1/0 on input line 376.
Package textcomp Info: Setting txss sub-encoding to TS1/0 on input line 377.
Package textcomp Info: Setting txtt sub-encoding to TS1/0 on input line 378.
Package textcomp Info: Setting lmr sub-encoding to TS1/0 on input line 379.
Package textcomp Info: Setting lmdh sub-encoding to TS1/0 on input line 380.
Package textcomp Info: Setting lmss sub-encoding to TS1/0 on input line 381.
Package textcomp Info: Setting lmssq sub-encoding to TS1/0 on input line 382.
Package textcomp Info: Setting lmvtt sub-encoding to TS1/0 on input line 383.
Package textcomp Info: Setting lmtt sub-encoding to TS1/0 on input line 384.
Package textcomp Info: Setting qhv sub-encoding to TS1/0 on input line 385.
Package textcomp Info: Setting qag sub-encoding to TS1/0 on input line 386.
Package textcomp Info: Setting qbk sub-encoding to TS1/0 on input line 387.
Package textcomp Info: Setting qcr sub-encoding to TS1/0 on input line 388.
Package textcomp Info: Setting qcs sub-encoding to TS1/0 on input line 389.
Package textcomp Info: Setting qpl sub-encoding to TS1/0 on input line 390.
Package textcomp Info: Setting qtm sub-encoding to TS1/0 on input line 391.
Package textcomp Info: Setting qzc sub-encoding to TS1/0 on input line 392.
Package textcomp Info: Setting qhvc sub-encoding to TS1/0 on input line 393.
Package textcomp Info: Setting futs sub-encoding to TS1/4 on input line 394.
Package textcomp Info: Setting futx sub-encoding to TS1/4 on input line 395.
Package textcomp Info: Setting futj sub-encoding to TS1/4 on input line 396.
Package textcomp Info: Setting hlh sub-encoding to TS1/3 on input line 397.
Package textcomp Info: Setting hls sub-encoding to TS1/3 on input line 398.
Package textcomp Info: Setting hlst sub-encoding to TS1/3 on input line 399.
Package textcomp Info: Setting hlct sub-encoding to TS1/5 on input line 400.
Package textcomp Info: Setting hlx sub-encoding to TS1/5 on input line 401.
Package textcomp Info: Setting hlce sub-encoding to TS1/5 on input line 402.
Package textcomp Info: Setting hlcn sub-encoding to TS1/5 on input line 403.
Package textcomp Info: Setting hlcw sub-encoding to TS1/5 on input line 404.
Package textcomp Info: Setting hlcf sub-encoding to TS1/5 on input line 405.
Package textcomp Info: Setting pplx sub-encoding to TS1/3 on input line 406.
Package textcomp Info: Setting pplj sub-encoding to TS1/3 on input line 407.
Package textcomp Info: Setting ptmx sub-encoding to TS1/4 on input line 408.
Package textcomp Info: Setting ptmj sub-encoding to TS1/4 on input line 409.
)) (/usr/local/texlive/2016basic/texmf-dist/tex/latex/microtype/microtype.sty
Package: microtype 2016/05/14 v2.6a Micro-typographical refinements (RS)
\MT@toks=\toks27
\MT@count=\count165
LaTeX Info: Redefining \textls on input line 774.
\MT@outer@kern=\dimen161
LaTeX Info: Redefining \textmicrotypecontext on input line 1310.
\MT@listname@count=\count166

(/usr/local/texlive/2016basic/texmf-dist/tex/latex/microtype/microtype-xetex.de
f
File: microtype-xetex.def 2016/05/14 v2.6a Definitions specific to xetex (RS)
LaTeX Info: Redefining \lsstyle on input line 255.
)
Package microtype Info: Loading configuration file microtype.cfg.
(/usr/local/texlive/2016basic/texmf-dist/tex/latex/microtype/microtype.cfg
File: microtype.cfg 2016/05/14 v2.6a microtype main configuration file (RS)
)) (/usr/local/texlive/2016basic/texmf-dist/tex/latex/geometry/geometry.sty
Package: geometry 2010/09/12 v5.6 Page Geometry
\Gm@cnth=\count167
\Gm@cntv=\count168
\c@Gm@tempcnt=\count169
\Gm@bindingoffset=\dimen162
\Gm@wd@mp=\dimen163
\Gm@odd@mp=\dimen164
\Gm@even@mp=\dimen165
\Gm@layoutwidth=\dimen166
\Gm@layoutheight=\dimen167
\Gm@layouthoffset=\dimen168
\Gm@layoutvoffset=\dimen169
\Gm@dimlist=\toks28
)
Package hyperref Info: Option `unicode' set `true' on input line 43.

(/usr/local/texlive/2016basic/texmf-dist/tex/generic/oberdiek/se-ascii-print.de
f
File: se-ascii-print.def 2016/05/16 v1.11 stringenc: Printable ASCII characters

)
Package hyperref Info: Option `breaklinks' set `true' on input line 43.
(/usr/local/texlive/2016basic/texmf-dist/tex/latex/tools/longtable.sty
Package: longtable 2014/10/28 v4.11 Multi-page Table package (DPC)
\LTleft=\skip55
\LTright=\skip56
\LTpre=\skip57
\LTpost=\skip58
\LTchunksize=\count170
\LTcapwidth=\dimen170
\LT@head=\box47
\LT@firsthead=\box48
\LT@foot=\box49
\LT@lastfoot=\box50
\LT@cols=\count171
\LT@rows=\count172
\c@LT@tables=\count173
\c@LT@chunks=\count174
\LT@p@ftn=\toks29
) (/usr/local/texlive/2016basic/texmf-dist/tex/latex/booktabs/booktabs.sty
Package: booktabs 2016/04/27 v1.618033 publication quality tables
\heavyrulewidth=\dimen171
\lightrulewidth=\dimen172
\cmidrulewidth=\dimen173
\belowrulesep=\dimen174
\belowbottomsep=\dimen175
\aboverulesep=\dimen176
\abovetopsep=\dimen177
\cmidrulesep=\dimen178
\cmidrulekern=\dimen179
\defaultaddspace=\dimen180
\@cmidla=\count175
\@cmidlb=\count176
\@aboverulesep=\dimen181
\@belowrulesep=\dimen182
\@thisruleclass=\count177
\@lastruleclass=\count178
\@thisrulewidth=\dimen183
) (/usr/local/texlive/2016basic/texmf-dist/tex/latex/oberdiek/grffile.sty
Package: grffile 2016/05/16 v1.17 Extended file name support for graphics (HO)
Package grffile Info: \Gread@QTm patched on input line 253.
Package grffile Info: \Gread@eps patched on input line 303.
Package grffile Info: Option `multidot' is set to `true'.
Package grffile Info: Option `extendedchars' is set to `false'.
Package grffile Info: Option `space' is set to `true'.
Package grffile Info: \Gin@ii of package `graphicx' fixed on input line 486.
) (/usr/local/texlive/2016basic/texmf-dist/tex/latex/parskip/parskip.sty
Package: parskip 2001/04/09 non-zero parskip adjustments
) (/usr/local/texlive/2016basic/texmf-dist/tex/latex/titling/titling.sty
Package: titling 2009/09/04 v2.1d maketitle typesetting
\thanksmarkwidth=\skip59
\thanksmargin=\skip60
\droptitle=\skip61
) (./Coursepack-MY451.aux

LaTeX Warning: Label `tab:t-sex-attitude-H0pop' multiply defined.


LaTeX Warning: Label `tab:t-investors3' multiply defined.

)
\openout1 = `Coursepack-MY451.aux'.

LaTeX Font Info:    Checking defaults for OML/cmm/m/it on input line 101.
LaTeX Font Info:    ... okay on input line 101.
LaTeX Font Info:    Checking defaults for T1/cmr/m/n on input line 101.
LaTeX Font Info:    ... okay on input line 101.
LaTeX Font Info:    Checking defaults for OT1/cmr/m/n on input line 101.
LaTeX Font Info:    ... okay on input line 101.
LaTeX Font Info:    Checking defaults for OMS/cmsy/m/n on input line 101.
LaTeX Font Info:    ... okay on input line 101.
LaTeX Font Info:    Checking defaults for OMX/cmex/m/n on input line 101.
LaTeX Font Info:    ... okay on input line 101.
LaTeX Font Info:    Checking defaults for U/cmr/m/n on input line 101.
LaTeX Font Info:    ... okay on input line 101.
LaTeX Font Info:    Checking defaults for PD1/pdf/m/n on input line 101.
LaTeX Font Info:    ... okay on input line 101.
LaTeX Font Info:    Checking defaults for PU/pdf/m/n on input line 101.
LaTeX Font Info:    ... okay on input line 101.
LaTeX Font Info:    Checking defaults for EU1/lmr/m/n on input line 101.
LaTeX Font Info:    ... okay on input line 101.
LaTeX Font Info:    Checking defaults for T3/cmr/m/n on input line 101.
LaTeX Font Info:    Try loading font information for T3+cmr on input line 101.
(/usr/local/texlive/2016basic/texmf-dist/tex/latex/tipa/t3cmr.fd
File: t3cmr.fd 2001/12/31 TIPA font definitions
)
LaTeX Font Info:    ... okay on input line 101.
LaTeX Font Info:    Checking defaults for TS1/cmr/m/n on input line 101.
LaTeX Font Info:    Try loading font information for TS1+cmr on input line 101.

(/usr/local/texlive/2016basic/texmf-dist/tex/latex/base/ts1cmr.fd
File: ts1cmr.fd 2014/09/29 v2.5h Standard LaTeX font definitions
)
LaTeX Font Info:    ... okay on input line 101.
\AtBeginShipoutBox=\box51
Package hyperref Info: Link coloring OFF on input line 101.
(/usr/local/texlive/2016basic/texmf-dist/tex/latex/hyperref/nameref.sty
Package: nameref 2016/05/21 v2.44 Cross-referencing by name of section

(/usr/local/texlive/2016basic/texmf-dist/tex/generic/oberdiek/gettitlestring.st
y
Package: gettitlestring 2016/05/16 v1.5 Cleanup title references (HO)
)
\c@section@level=\count179
)
LaTeX Info: Redefining \ref on input line 101.
LaTeX Info: Redefining \pageref on input line 101.
LaTeX Info: Redefining \nameref on input line 101.
(./Coursepack-MY451.out) (./Coursepack-MY451.out)
\@outlinefile=\write4
\openout4 = `Coursepack-MY451.out'.

LaTeX Info: Redefining \microtypecontext on input line 101.
Package microtype Info: Character protrusion enabled (level 2).
Package microtype Info: Using protrusion set `basicmath'.
Package microtype Info: No adjustment of tracking.
Package microtype Info: No adjustment of spacing.
Package microtype Info: No adjustment of kerning.

(/usr/local/texlive/2016basic/texmf-dist/tex/latex/microtype/mt-LatinModernRoma
n.cfg
File: mt-LatinModernRoman.cfg 2013/03/13 v1.0 microtype config. file: Latin Mod
ern Roman (RS)
)
*geometry* driver: auto-detecting
*geometry* detected driver: xetex
*geometry* verbose mode - [ preamble ] result:
* driver: xetex
* paper: a4paper
* layout: <same size as paper>
* layoutoffset:(h,v)=(0.0pt,0.0pt)
* modes: twoside 
* h-part:(L,W,R)=(72.26999pt, 452.9679pt, 72.26999pt)
* v-part:(T,H,B)=(72.26999pt, 700.50687pt, 72.26999pt)
* \paperwidth=597.50787pt
* \paperheight=845.04684pt
* \textwidth=452.9679pt
* \textheight=700.50687pt
* \oddsidemargin=0.0pt
* \evensidemargin=0.0pt
* \topmargin=-31.8738pt
* \headheight=12.0pt
* \headsep=19.8738pt
* \topskip=11.0pt
* \footskip=27.46295pt
* \marginparwidth=106.0pt
* \marginparsep=7.0pt
* \columnsep=10.0pt
* \skip\footins=10.0pt plus 4.0pt minus 2.0pt
* \hoffset=0.0pt
* \voffset=0.0pt
* \mag=1000
* \@twocolumnfalse
* \@twosidetrue
* \@mparswitchtrue
* \@reversemarginfalse
* (1in=72.27pt=25.4mm, 1cm=28.453pt)

[1


] (./Coursepack-MY451.toc
LaTeX Font Info:    Try loading font information for OT1+lmr on input line 19.
(/usr/local/texlive/2016basic/texmf-dist/tex/latex/lm/ot1lmr.fd
File: ot1lmr.fd 2009/10/30 v1.6 Font defs for Latin Modern
)
Package microtype Info: Loading generic settings for font family
(microtype)             `lmr' (encoding: OT1).
(microtype)             For optimal results, create family-specific settings.
(microtype)             See the microtype manual for details.
LaTeX Font Info:    Try loading font information for OML+lmm on input line 19.
(/usr/local/texlive/2016basic/texmf-dist/tex/latex/lm/omllmm.fd
File: omllmm.fd 2009/10/30 v1.6 Font defs for Latin Modern
)
LaTeX Font Info:    Try loading font information for OMS+lmsy on input line 19.

(/usr/local/texlive/2016basic/texmf-dist/tex/latex/lm/omslmsy.fd
File: omslmsy.fd 2009/10/30 v1.6 Font defs for Latin Modern
)
LaTeX Font Info:    Try loading font information for OMX+lmex on input line 19.

(/usr/local/texlive/2016basic/texmf-dist/tex/latex/lm/omxlmex.fd
File: omxlmex.fd 2009/10/30 v1.6 Font defs for Latin Modern
)
LaTeX Font Info:    External font `lmex10' loaded for size
(Font)              <10.95> on input line 19.
LaTeX Font Info:    External font `lmex10' loaded for size
(Font)              <8> on input line 19.
LaTeX Font Info:    External font `lmex10' loaded for size
(Font)              <6> on input line 19.
LaTeX Font Info:    Try loading font information for U+msa on input line 19.
(/usr/local/texlive/2016basic/texmf-dist/tex/latex/amsfonts/umsa.fd
File: umsa.fd 2013/01/14 v3.01 AMS symbols A
) (/usr/local/texlive/2016basic/texmf-dist/tex/latex/microtype/mt-msa.cfg
File: mt-msa.cfg 2006/02/04 v1.1 microtype config. file: AMS symbols (a) (RS)
)
LaTeX Font Info:    Try loading font information for U+msb on input line 19.
(/usr/local/texlive/2016basic/texmf-dist/tex/latex/amsfonts/umsb.fd
File: umsb.fd 2013/01/14 v3.01 AMS symbols B
) (/usr/local/texlive/2016basic/texmf-dist/tex/latex/microtype/mt-msb.cfg
File: mt-msb.cfg 2005/06/01 v1.0 microtype config. file: AMS symbols (b) (RS)
) [2

] [3] [4])
\tf@toc=\write5
\openout5 = `Coursepack-MY451.toc'.

[5] [6

]
File: dept_of_methodology.pdf Graphic file (type QTm)
<use  "dept_of_methodology.pdf" >
File: lse.pdf Graphic file (type QTm)
<use  "lse.pdf" >
LaTeX Font Info:    Try loading font information for EU1+lmtt on input line 162
.
(/usr/local/texlive/2016basic/texmf-dist/tex/latex/euenc/eu1lmtt.fd
File: eu1lmtt.fd 2009/10/30 v1.6 Font defs for Latin Modern
) [1

] [2] [3] [4]
Underfull \vbox (badness 10000) detected at line 488
 []

[5] [6] [7] [8]
Chapter 1.
[1


] [2] [3] [4] [5]
Underfull \vbox (badness 10000) detected at line 1458
 []

[6] [7] [8] [9]
LaTeX Font Info:    External font `lmex10' loaded for size
(Font)              <9> on input line 1747.
LaTeX Font Info:    External font `lmex10' loaded for size
(Font)              <5> on input line 1747.
[10] [11] [12] [13] [14]
Chapter 2.
[15

] [16] [17]
File: regions.pdf Graphic file (type QTm)
<use  "regions.pdf" >
File: democ.pdf Graphic file (type QTm)
<use  "democ.pdf" >
File: bar_attitude.pdf Graphic file (type QTm)
<use  "bar_attitude.pdf" > [18] [19] [20] [21] [22] [23] [24]
Overfull \hbox (7.33789pt too wide) in paragraph at lines 2947--2949
 \EU1/lmr/m/n/10.95 important|
 []


Overfull \hbox (8.24675pt too wide) in paragraph at lines 2949--2951
 []|\EU1/lmr/m/n/10.95 Important|
 []


Overfull \hbox (7.33789pt too wide) in paragraph at lines 2951--2953
 \EU1/lmr/m/n/10.95 important|
 []


Overfull \hbox (0.81123pt too wide) in paragraph at lines 2979--2981
 []|\EU1/lmr/m/n/10.95 (1.00)|
 []


Overfull \hbox (0.81123pt too wide) in paragraph at lines 3005--3007
 []|\EU1/lmr/m/n/10.95 (1.00)|
 []


Overfull \hbox (0.81123pt too wide) in paragraph at lines 3031--3033
 []|\EU1/lmr/m/n/10.95 (1.00)|
 []


Overfull \hbox (0.81123pt too wide) in paragraph at lines 3057--3059
 []|\EU1/lmr/m/n/10.95 (1.00)|
 []

[25] [26] [27] [28] [29]
File: gdp.pdf Graphic file (type QTm)
<use  "gdp.pdf" > [30] [31] [32]
File: box_gdp.pdf Graphic file (type QTm)
<use  "box_gdp.pdf" > [33] [34]
Underfull \vbox (badness 1117) has occurred while \output is active []

[35] [36] [37]
Overfull \hbox (2.1257pt too wide) in paragraph at lines 3898--3900
 []|\EU1/lmr/m/n/10.95 tendency| 
 []


Overfull \hbox (3.48349pt too wide) in paragraph at lines 3900--3902
 []|\EU1/lmr/m/n/10.95 Measures| 
 []


Overfull \hbox (1.5563pt too wide) in paragraph at lines 3904--3906
 []|\EU1/lmr/m/n/10.95 variation| 
 []


Overfull \hbox (2.1257pt too wide) in paragraph at lines 3916--3918
 []|\EU1/lmr/m/n/10.95 tendency| 
 []


Overfull \hbox (3.48349pt too wide) in paragraph at lines 3918--3920
 []|\EU1/lmr/m/n/10.95 Measures| 
 []


Overfull \hbox (1.5563pt too wide) in paragraph at lines 3922--3924
 []|\EU1/lmr/m/n/10.95 variation| 
 []

File: twohists.pdf Graphic file (type QTm)
<use  "twohists.pdf" > [38] [39]
Underfull \vbox (badness 10000) has occurred while \output is active []

[40] [41] [42] [43]
File: classbars.pdf Graphic file (type QTm)
<use  "classbars.pdf" >
Underfull \vbox (badness 10000) has occurred while \output is active []

[44] [45]
File: threeD.pdf Graphic file (type QTm)
<use  "threeD.pdf" > [46]
File: houseprices.pdf Graphic file (type QTm)
<use  "houseprices.pdf" > [47]
Underfull \hbox (badness 7981) in paragraph at lines 4547--4552
\EU1/lmr/m/it/10.95 book 2004 \EU1/lmr/m/n/10.95 ([]$[][][][][] [] [] [] [][][]
 [] [][][] [] [][][] [] [][][][][][][] [] [][][][][][][][][][][][] [] [][][][][
][][][][] [] [][][][][][][][][][][][][][][][][][][][][]$[]).
 []


Overfull \hbox (2.10103pt too wide) in alignment at lines 4557--4563
 [] [] [] [] [] [] [] [] [] [] [] [] 
 []


Overfull \hbox (2.10103pt too wide) in alignment at lines 4563--4568
 [] [] [] [] [] [] [] [] [] [] [] [] 
 []


Overfull \hbox (2.10103pt too wide) in alignment at lines 4568--4609
 [] [] [] [] [] [] [] [] [] [] [] [] 
 []


Overfull \hbox (2.10103pt too wide) in alignment at lines 4609--4649
 [] [] [] [] [] [] [] [] [] [] [] [] 
 []

[48]
Overfull \hbox (2.10103pt too wide) in alignment at lines 4649--4672
 [] [] [] [] [] [] [] [] [] [] [] [] 
 []

[49]
Chapter 3.
[50

] [51] [52] [53] [54]
Overfull \hbox (13.51323pt too wide) in paragraph at lines 5051--5053
 []|\EU1/lmr/m/n/10.95 Disagree| 
 []


Overfull \hbox (13.51323pt too wide) in paragraph at lines 5053--5055
 []|\EU1/lmr/m/n/10.95 Disagree 
 []


Overfull \hbox (11.55319pt too wide) in paragraph at lines 5053--5055
 \EU1/lmr/m/n/10.95 strongly| 
 []


Overfull \hbox (0.77228pt too wide) in paragraph at lines 5058--5060
[]|\EU1/lmr/m/n/10.95 Male|  
 []


Overfull \hbox (1.75214pt too wide) in paragraph at lines 5077--5079
 []|\EU1/lmr/m/n/10.95 (42.00)| 
 []


Overfull \hbox (6.28624pt too wide) in paragraph at lines 5081--5083
 []|\EU1/lmr/m/n/10.95 (18.00)| 
 []


Overfull \hbox (0.81123pt too wide) in paragraph at lines 5083--5085
 []|\EU1/lmr/m/n/10.95 (5.00)| 
 []


Overfull \hbox (10.95578pt too wide) in paragraph at lines 5103--5105
[]|\EU1/lmr/m/n/10.95 Female|  
 []


Overfull \hbox (1.75214pt too wide) in paragraph at lines 5122--5124
 []|\EU1/lmr/m/n/10.95 (50.00)| 
 []


Overfull \hbox (6.28624pt too wide) in paragraph at lines 5126--5128
 []|\EU1/lmr/m/n/10.95 (13.00)| 
 []


Overfull \hbox (0.81123pt too wide) in paragraph at lines 5128--5130
 []|\EU1/lmr/m/n/10.95 (3.00)| 
 []


Overfull \hbox (2.60094pt too wide) in paragraph at lines 5148--5150
[]|\EU1/lmr/m/n/10.95 Total|  
 []


Overfull \hbox (1.75214pt too wide) in paragraph at lines 5167--5169
 []|\EU1/lmr/m/n/10.95 (46.16)| 
 []


Overfull \hbox (6.28624pt too wide) in paragraph at lines 5171--5173
 []|\EU1/lmr/m/n/10.95 (15.40)| 
 []


Overfull \hbox (0.81123pt too wide) in paragraph at lines 5173--5175
 []|\EU1/lmr/m/n/10.95 (3.96)| 
 []

[55] [56] [57]
Chapter 4.

Overfull \hbox (9.58783pt too wide) in paragraph at lines 5313--5315
[]|\EU1/lmr/m/n/10.95 Agree|  
 []


Overfull \hbox (8.2244pt too wide) in paragraph at lines 5315--5317
 []|\EU1/lmr/m/n/10.95 Neither 
 []


Overfull \hbox (11.23564pt too wide) in paragraph at lines 5315--5317
 \EU1/lmr/m/n/10.95 disagree| 
 []


Overfull \hbox (22.57452pt too wide) in paragraph at lines 5317--5319
[]|\EU1/lmr/m/n/10.95 Disagree|  
 []


Overfull \hbox (22.57452pt too wide) in paragraph at lines 5319--5321
 []|\EU1/lmr/m/n/10.95 Disagree 
 []


Overfull \hbox (20.61449pt too wide) in paragraph at lines 5319--5321
 \EU1/lmr/m/n/10.95 strongly| 
 []


Overfull \hbox (11.66223pt too wide) in paragraph at lines 5321--5323
[]|\EU1/lmr/m/n/10.95 Total|  
 []


Overfull \hbox (8.31152pt too wide) in paragraph at lines 5336--5338
[]|\EU1/lmr/m/n/10.95 1027|  
 []


Overfull \hbox (15.34753pt too wide) in paragraph at lines 5343--5345
[]|\EU1/lmr/m/n/10.95 (0.428)|  
 []


Overfull \hbox (6.28624pt too wide) in paragraph at lines 5345--5347
 []|\EU1/lmr/m/n/10.95 (0.182)| 
 []


Overfull \hbox (15.34753pt too wide) in paragraph at lines 5347--5349
[]|\EU1/lmr/m/n/10.95 (0.195)|  
 []


Overfull \hbox (15.34753pt too wide) in paragraph at lines 5349--5351
 []|\EU1/lmr/m/n/10.95 (0.040)| 
 []


Overfull \hbox (8.92473pt too wide) in paragraph at lines 5351--5353
[]|\EU1/lmr/m/n/10.95 (1.0)|  
 []


Overfull \hbox (8.31152pt too wide) in paragraph at lines 5366--5368
[]|\EU1/lmr/m/n/10.95 1317|  
 []


Overfull \hbox (15.34753pt too wide) in paragraph at lines 5373--5375
[]|\EU1/lmr/m/n/10.95 (0.494)|  
 []


Overfull \hbox (6.28624pt too wide) in paragraph at lines 5375--5377
 []|\EU1/lmr/m/n/10.95 (0.182)| 
 []


Overfull \hbox (15.34753pt too wide) in paragraph at lines 5377--5379
[]|\EU1/lmr/m/n/10.95 (0.142)|  
 []


Overfull \hbox (15.34753pt too wide) in paragraph at lines 5379--5381
 []|\EU1/lmr/m/n/10.95 (0.026)| 
 []


Overfull \hbox (8.92473pt too wide) in paragraph at lines 5381--5383
[]|\EU1/lmr/m/n/10.95 (1.0)|  
 []


Overfull \hbox (3.78433pt too wide) in paragraph at lines 5388--5390
[]|\EU1/lmr/m/n/10.95 1090|  
 []


Overfull \hbox (8.31152pt too wide) in paragraph at lines 5396--5398
[]|\EU1/lmr/m/n/10.95 2344|  
 []


Overfull \hbox (15.34753pt too wide) in paragraph at lines 5403--5405
[]|\EU1/lmr/m/n/10.95 (0.465)|  
 []


Overfull \hbox (6.28624pt too wide) in paragraph at lines 5405--5407
 []|\EU1/lmr/m/n/10.95 (0.182)| 
 []


Overfull \hbox (15.34753pt too wide) in paragraph at lines 5407--5409
[]|\EU1/lmr/m/n/10.95 (0.165)|  
 []


Overfull \hbox (15.34753pt too wide) in paragraph at lines 5409--5411
 []|\EU1/lmr/m/n/10.95 (0.032)| 
 []


Overfull \hbox (8.92473pt too wide) in paragraph at lines 5411--5413
[]|\EU1/lmr/m/n/10.95 (1.0)|  
 []

[58

] [59] [60] [61]
File: chi2test_ess.pdf Graphic file (type QTm)
<use  "chi2test_ess.pdf" > [62] [63] [64] [65]
Overfull \hbox (0.52654pt too wide) in paragraph at lines 6012--6014
 []|\EU1/lmr/m/n/10.95 Agree| 
 []


Overfull \hbox (13.51323pt too wide) in paragraph at lines 6016--6018
 []|\EU1/lmr/m/n/10.95 Disagree| 
 []


Overfull \hbox (13.51323pt too wide) in paragraph at lines 6018--6020
 []|\EU1/lmr/m/n/10.95 Disagree 
 []


Overfull \hbox (11.55319pt too wide) in paragraph at lines 6018--6020
 \EU1/lmr/m/n/10.95 strongly| 
 []


Overfull \hbox (7.13504pt too wide) in paragraph at lines 6020--6022
 []|\EU1/lmr/m/n/10.95 Total|
 []


Overfull \hbox (0.77228pt too wide) in paragraph at lines 6023--6025
[]|\EU1/lmr/m/n/10.95 Male|  
 []


Overfull \hbox (3.24214pt too wide) in paragraph at lines 6027--6029
 []|\EU1/lmr/m/n/10.95 11.160| 
 []


Overfull \hbox (6.82843pt too wide) in paragraph at lines 6035--6037
 []|\EU1/lmr/m/n/10.95 24.00|
 []


Overfull \hbox (6.28624pt too wide) in paragraph at lines 6042--6044
 []|\EU1/lmr/m/n/10.95 (0.465)| 
 []


Overfull \hbox (6.28624pt too wide) in paragraph at lines 6046--6048
 []|\EU1/lmr/m/n/10.95 (0.165)| 
 []


Overfull \hbox (6.28624pt too wide) in paragraph at lines 6048--6050
 []|\EU1/lmr/m/n/10.95 (0.032)| 
 []


Overfull \hbox (4.39754pt too wide) in paragraph at lines 6050--6052
 []|\EU1/lmr/m/n/10.95 (1.0)|
 []


Overfull \hbox (10.95578pt too wide) in paragraph at lines 6053--6055
[]|\EU1/lmr/m/n/10.95 Female|  
 []


Overfull \hbox (3.24214pt too wide) in paragraph at lines 6057--6059
 []|\EU1/lmr/m/n/10.95 12.090| 
 []


Overfull \hbox (6.82843pt too wide) in paragraph at lines 6065--6067
 []|\EU1/lmr/m/n/10.95 26.00|
 []


Overfull \hbox (6.28624pt too wide) in paragraph at lines 6072--6074
 []|\EU1/lmr/m/n/10.95 (0.465)| 
 []


Overfull \hbox (6.28624pt too wide) in paragraph at lines 6076--6078
 []|\EU1/lmr/m/n/10.95 (0.165)| 
 []


Overfull \hbox (6.28624pt too wide) in paragraph at lines 6078--6080
 []|\EU1/lmr/m/n/10.95 (0.032)| 
 []


Overfull \hbox (4.39754pt too wide) in paragraph at lines 6080--6082
 []|\EU1/lmr/m/n/10.95 (1.0)|
 []


Overfull \hbox (2.60094pt too wide) in paragraph at lines 6083--6085
[]|\EU1/lmr/m/n/10.95 Total|  
 []


Overfull \hbox (3.24214pt too wide) in paragraph at lines 6087--6089
 []|\EU1/lmr/m/n/10.95 23.250| 
 []


Overfull \hbox (6.28624pt too wide) in paragraph at lines 6102--6104
 []|\EU1/lmr/m/n/10.95 (0.465)| 
 []


Overfull \hbox (6.28624pt too wide) in paragraph at lines 6106--6108
 []|\EU1/lmr/m/n/10.95 (0.165)| 
 []


Overfull \hbox (6.28624pt too wide) in paragraph at lines 6108--6110
 []|\EU1/lmr/m/n/10.95 (0.032)| 
 []


Overfull \hbox (4.39754pt too wide) in paragraph at lines 6110--6112
 []|\EU1/lmr/m/n/10.95 (1.0)|
 []

[66]
Overfull \hbox (2.4919pt too wide) in paragraph at lines 6123--6125
 \EU1/lmr/m/n/10.95 strongly| 
 []


Overfull \hbox (4.45193pt too wide) in paragraph at lines 6129--6131
 []|\EU1/lmr/m/n/10.95 Disagree| 
 []


Overfull \hbox (4.45193pt too wide) in paragraph at lines 6131--6133
 []|\EU1/lmr/m/n/10.95 Disagree 
 []


Overfull \hbox (2.4919pt too wide) in paragraph at lines 6131--6133
 \EU1/lmr/m/n/10.95 strongly| 
 []


Overfull \hbox (2.60094pt too wide) in paragraph at lines 6133--6135
 []|\EU1/lmr/m/n/10.95 Total|
 []


Overfull \hbox (1.75214pt too wide) in paragraph at lines 6155--6157
 []|\EU1/lmr/m/n/10.95 (0.450)| 
 []


Overfull \hbox (1.75214pt too wide) in paragraph at lines 6185--6187
 []|\EU1/lmr/m/n/10.95 (0.465)| 
 []


Overfull \hbox (1.75214pt too wide) in paragraph at lines 6215--6217
 []|\EU1/lmr/m/n/10.95 (0.458)| 
 []

[67]
File: chi2sims.pdf Graphic file (type QTm)
<use  "chi2sims.pdf" >
File: chi2dists.pdf Graphic file (type QTm)
<use  "chi2dists.pdf" > [68]
Underfull \vbox (badness 1067) has occurred while \output is active []

[69]
File: chi2_pval.pdf Graphic file (type QTm)
<use  "chi2_pval.pdf" > [70]
Overfull \vbox (288.77411pt too high) has occurred while \output is active []

[71] [72] [73] [74]
Chapter 5.

Underfull \vbox (badness 2512) has occurred while \output is active []

[75

]
Overfull \hbox (4.80267pt too wide) in paragraph at lines 6813--6814
 []\EU1/lmr/m/n/10.95 strut
 []


Overfull \hbox (4.80267pt too wide) in paragraph at lines 6833--6834
 []\EU1/lmr/m/n/10.95 strut
 []


Overfull \hbox (5.33357pt too wide) in paragraph at lines 6891--6893
 []|$\OMS/lmsy/m/n/10.95 ^^@\OT1/lmr/m/n/10.95 1\OML/lmm/m/it/10.95 :\OT1/lmr/m
/n/10.95 59$|
 []


Overfull \hbox (2.29433pt too wide) in paragraph at lines 6893--6895
 []|\EU1/lmr/m/n/10.95 0.112|
 []


Overfull \hbox (0.53668pt too wide) in paragraph at lines 6895--6897
 []|\EU1/lmr/m/n/10.95 (0.433;|
 []


Overfull \hbox (8.49283pt too wide) in paragraph at lines 6936--6938
 []|\EU1/lmr/m/n/10.95 Black|
 []


Overfull \hbox (3.24214pt too wide) in paragraph at lines 6955--6957
 []|\EU1/lmr/m/n/10.95 0.0457|
 []


Overfull \hbox (10.80856pt too wide) in paragraph at lines 6959--6961
 []|$\OMS/lmsy/m/n/10.95 ^^@\OT1/lmr/m/n/10.95 16\OML/lmm/m/it/10.95 :\OT1/lmr/
m/n/10.95 71$|
 []


Overfull \hbox (2.29187pt too wide) in paragraph at lines 6961--6963
 \OT1/lmr/m/n/10.95 0\OML/lmm/m/it/10.95 :\OT1/lmr/m/n/10.95 001$|
 []


Overfull \hbox (0.53668pt too wide) in paragraph at lines 6963--6965
 []|\EU1/lmr/m/n/10.95 (0.040;|
 []


Overfull \hbox (13.24432pt too wide) in paragraph at lines 7036--7038
 []|\EU1/lmr/m/n/10.95 201,229|
 []


Overfull \hbox (14.19214pt too wide) in paragraph at lines 7040--7042
 []|\EU1/lmr/m/n/10.95 0.000706|
 []


Overfull \hbox (13.24432pt too wide) in paragraph at lines 7070--7072
 []|\EU1/lmr/m/n/10.95 200,745|
 []


Overfull \hbox (14.19214pt too wide) in paragraph at lines 7074--7076
 []|\EU1/lmr/m/n/10.95 0.000284|
 []


Overfull \hbox (5.33357pt too wide) in paragraph at lines 7078--7080
 []|$\OMS/lmsy/m/n/10.95 ^^@\OT1/lmr/m/n/10.95 6\OML/lmm/m/it/10.95 :\OT1/lmr/m
/n/10.95 01$|
 []


Overfull \hbox (2.29187pt too wide) in paragraph at lines 7080--7082
 \OT1/lmr/m/n/10.95 0\OML/lmm/m/it/10.95 :\OT1/lmr/m/n/10.95 001$|
 []


Overfull \hbox (25.47234pt too wide) in paragraph at lines 7082--7084
 []|$\OT1/lmr/m/n/10.95 (\OMS/lmsy/m/n/10.95 ^^@\OT1/lmr/m/n/10.95 0\OML/lmm/m/
it/10.95 :\OT1/lmr/m/n/10.95 000560;$|
 []


Overfull \hbox (22.4307pt too wide) in paragraph at lines 7099--7101
 []|$\OMS/lmsy/m/n/10.95 ^^@\OT1/lmr/m/n/10.95 0\OML/lmm/m/it/10.95 :\OT1/lmr/m
/n/10.95 000284)$|
 []


Overfull \hbox (2.29187pt too wide) in paragraph at lines 7165--7167
 \OT1/lmr/m/n/10.95 0\OML/lmm/m/it/10.95 :\OT1/lmr/m/n/10.95 001$|
 []

[76] [77] [78] [79] [80] [81] [82]
File: pval_zp.pdf Graphic file (type QTm)
<use  "pval_zp.pdf" > [83] [84]
Underfull \vbox (badness 10000) detected at line 7744
 []

[85]
Underfull \vbox (badness 1248) has occurred while \output is active []

[86] [87] [88] [89] [90] [91] [92] [93] [94]
File: salk_nytimes.pdf Graphic file (type QTm)
<use  "salk_nytimes.pdf" > [95] [96]
Chapter 6.
File: bloodp1.pdf Graphic file (type QTm)
<use  "bloodp1.pdf" > [97

]
Overfull \hbox (33.08678pt too wide) has occurred while \output is active
\EU1/lmr/m/n/10.95 98 \EU1/lmr/m/sl/10.95 CHAPTER 6.  CONTINUOUS VARIABLES: POP
ULATION AND SAMPLING DISTRIBUTIONS
 []

[98] [99]
File: bloodp2.pdf Graphic file (type QTm)
<use  "bloodp2.pdf" >
Overfull \hbox (38.56178pt too wide) has occurred while \output is active
\EU1/lmr/m/n/10.95 100 \EU1/lmr/m/sl/10.95 CHAPTER 6.  CONTINUOUS VARIABLES: PO
PULATION AND SAMPLING DISTRIBUTIONS
 []

[100]
File: mark.pdf Graphic file (type QTm)
<use  "mark.pdf" > [101]
File: threenorms.pdf Graphic file (type QTm)
<use  "threenorms.pdf" >
Overfull \hbox (38.56178pt too wide) has occurred while \output is active
\EU1/lmr/m/n/10.95 102 \EU1/lmr/m/sl/10.95 CHAPTER 6.  CONTINUOUS VARIABLES: PO
PULATION AND SAMPLING DISTRIBUTIONS
 []

[102]
File: norm1.pdf Graphic file (type QTm)
<use  "norm1.pdf" > [103]
File: normbp.pdf Graphic file (type QTm)
<use  "normbp.pdf" >
Overfull \hbox (38.56178pt too wide) has occurred while \output is active
\EU1/lmr/m/n/10.95 104 \EU1/lmr/m/sl/10.95 CHAPTER 6.  CONTINUOUS VARIABLES: PO
PULATION AND SAMPLING DISTRIBUTIONS
 []

[104]
Overfull \vbox (313.41109pt too high) has occurred while \output is active []

[105]
Overfull \hbox (38.56178pt too wide) has occurred while \output is active
\EU1/lmr/m/n/10.95 106 \EU1/lmr/m/sl/10.95 CHAPTER 6.  CONTINUOUS VARIABLES: PO
PULATION AND SAMPLING DISTRIBUTIONS
 []

[106]
File: sampld2_bp.pdf Graphic file (type QTm)
<use  "sampld2_bp.pdf" >
Underfull \vbox (badness 1184) has occurred while \output is active []

[107]
File: sampld1_bp.pdf Graphic file (type QTm)
<use  "sampld1_bp.pdf" >
Overfull \hbox (38.56178pt too wide) has occurred while \output is active
\EU1/lmr/m/n/10.95 108 \EU1/lmr/m/sl/10.95 CHAPTER 6.  CONTINUOUS VARIABLES: PO
PULATION AND SAMPLING DISTRIBUTIONS
 []

[108] [109]
File: sampld_p.pdf Graphic file (type QTm)
<use  "sampld_p.pdf" >
Overfull \hbox (38.56178pt too wide) has occurred while \output is active
\EU1/lmr/m/n/10.95 110 \EU1/lmr/m/sl/10.95 CHAPTER 6.  CONTINUOUS VARIABLES: PO
PULATION AND SAMPLING DISTRIBUTIONS
 []

[110] [111]
Chapter 7.
[112

] [113] [114] [115] [116]
File: hworkpyramid.pdf Graphic file (type QTm)
<use  "hworkpyramid.pdf" >
File: hwork.pdf Graphic file (type QTm)
<use  "hwork.pdf" >
File: twoboxplots.pdf Graphic file (type QTm)
<use  "twoboxplots.pdf" > [117] [118] [119] [120] [121]
Overfull \hbox (5.93497pt too wide) in paragraph at lines 10225--10227
 []|$\OT1/lmr/m/n/10.95 (\OMS/lmsy/m/n/10.95 ^^@\OT1/lmr/m/n/10.95 2\OML/lmm/m/
it/10.95 :\OT1/lmr/m/n/10.95 49; \OMS/lmsy/m/n/10.95 ^^@\OT1/lmr/m/n/10.95 0\OM
L/lmm/m/it/10.95 :\OT1/lmr/m/n/10.95 99)$|
 []

[122]
File: spss2t.pdf Graphic file (type QTm)
<use  "spss2t.pdf" > [123] [124] [125] [126] [127]
File: tdistr1.pdf Graphic file (type QTm)
<use  "tdistr1.pdf" > [128]
Underfull \vbox (badness 3907) has occurred while \output is active []

[129] [130] [131]
Overfull \hbox (3.78433pt too wide) in paragraph at lines 10857--10859
 []|\EU1/lmr/m/n/10.95 1724|
 []


Overfull \hbox (5.88063pt too wide) in paragraph at lines 10861--10863
 []|\EU1/lmr/m/n/10.95 2.15|
 []


Overfull \hbox (10.97237pt too wide) in paragraph at lines 10865--10867
 \EU1/lmr/m/n/10.95 49.49|
 []


Overfull \hbox (3.78433pt too wide) in paragraph at lines 10876--10878
 []|\EU1/lmr/m/n/10.95 1724|
 []


Overfull \hbox (5.88063pt too wide) in paragraph at lines 10880--10882
 []|\EU1/lmr/m/n/10.95 6.11|
 []


Overfull \hbox (5.88063pt too wide) in paragraph at lines 10884--10886
 []|\EU1/lmr/m/n/10.95 2.04|
 []


Overfull \hbox (3.54874pt too wide) in paragraph at lines 10890--10892
 []|\EU1/lmr/m/n/10.95 (35.01; 
 []


Overfull \hbox (1.75294pt too wide) in paragraph at lines 10890--10892
 \EU1/lmr/m/n/10.95 35.59)| 
 []

[132] [133] [134] [135]
File: ttestspss.pdf Graphic file (type QTm)
<use  "ttestspss.pdf" > [136] [137] [138] [139] [140] [141] [142] [143] [144]
Chapter 8.
[145

]
File: corruption1.pdf Graphic file (type QTm)
<use  "corruption1.pdf" > [146] [147]
File: temperplot.pdf Graphic file (type QTm)
<use  "temperplot.pdf" > [148] [149]
File: corruption2.pdf Graphic file (type QTm)
<use  "corruption2.pdf" > [150]

LaTeX Warning: Reference `fig:f-scatterplots' on page 151 undefined on input li
ne 12047.

File: olspl1.pdf Graphic file (type QTm)
<use  "olspl1.pdf" >
File: olspl2.pdf Graphic file (type QTm)
<use  "olspl2.pdf" >
File: olspl3.pdf Graphic file (type QTm)
<use  "olspl3.pdf" >
File: olspl4.pdf Graphic file (type QTm)
<use  "olspl4.pdf" >
File: olspl5.pdf Graphic file (type QTm)
<use  "olspl5.pdf" >
File: olspl6.pdf Graphic file (type QTm)
<use  "olspl6.pdf" >

LaTeX Warning: Reference `fig:f-scatterplots' on page 151 undefined on input li
ne 12062.


LaTeX Warning: Reference `fig:f-scatterplots' on page 151 undefined on input li
ne 12070.


Overfull \hbox (4.7113pt too wide) in paragraph at lines 12056--12082
[][] [] 
 []


Overfull \hbox (4.7113pt too wide) in paragraph at lines 12056--12082
[] [] 
 []


Overfull \hbox (4.7113pt too wide) in paragraph at lines 12056--12082
[] [] 
 []


Underfull \vbox (badness 1199) has occurred while \output is active []

[151]

LaTeX Warning: Reference `fig:f-scatterplots' on page 152 undefined on input li
ne 12085.


LaTeX Warning: Reference `fig:f-scatterplots' on page 152 undefined on input li
ne 12096.

[152]
File: corruption3.pdf Graphic file (type QTm)
<use  "corruption3.pdf" >

LaTeX Warning: Reference `fig:f-scatterplots' on page 153 undefined on input li
ne 12144.

[153] [154]

LaTeX Warning: Reference `fig:f-scatterplots' on page 155 undefined on input li
ne 12241.


LaTeX Warning: Reference `fig:f-scatterplots' on page 155 undefined on input li
ne 12260.

[155] [156]
File: imr1.pdf Graphic file (type QTm)
<use  "imr1.pdf" >
Overfull \hbox (16.07472pt too wide) in paragraph at lines 12432--12434
 \EU1/lmr/m/n/10.95 enrolment|
 []


Overfull \hbox (13.7266pt too wide) in paragraph at lines 12434--12436
 \EU1/lmr/m/n/10.95 corruption|
 []


Overfull \hbox (10.92339pt too wide) in paragraph at lines 12436--12438
 \EU1/lmr/m/n/10.95 inequality|
 []

[157] [158] [159]
File: spsslinreg.pdf Graphic file (type QTm)
<use  "spsslinreg.pdf" >
Underfull \vbox (badness 10000) detected at line 12777
 []

File: lmparams.pdf Graphic file (type QTm)
<use  "lmparams.pdf" > [160] [161] [162]

LaTeX Warning: Reference `fig:f-residuals' on page 163 undefined on input line 
12930.


LaTeX Warning: Reference `fig:f-residuals' on page 163 undefined on input line 
12943.

[163]
File: lmresids.pdf Graphic file (type QTm)
<use  "lmresids.pdf" >

LaTeX Warning: Reference `fig:f-residuals' on page 164 undefined on input line 
12946.


Underfull \hbox (badness 2744) in paragraph at lines 12945--12952
[][] \EU1/lmr/m/n/10.95 The second
 []


Underfull \vbox (badness 10000) has occurred while \output is active []

[164] [165]

LaTeX Warning: Reference `fig:f-residuals' on page 166 undefined on input line 
13094.


Underfull \vbox (badness 10000) detected at line 13145
 []


Underfull \vbox (badness 10000) has occurred while \output is active []

[166] [167]

LaTeX Warning: Reference `fig:f-scatterplots' on page 168 undefined on input li
ne 13254.

[168] [169] [170] [171]
File: xyzspurious.pdf Graphic file (type QTm)
<use  "xyzspurious.pdf" > [172]
Overfull \hbox (14.24124pt too wide) in paragraph at lines 13593--13595
 []|\EU1/lmr/m/n/10.95 Coefficient|
 []


Overfull \hbox (16.67778pt too wide) in paragraph at lines 13595--13597
 []|\EU1/lmr/m/n/10.95 Standard
 []

[173] [174] [175] [176] [177] [178] [179]
Overfull \hbox (9.71405pt too wide) in paragraph at lines 14124--14126
 []|\EU1/lmr/m/n/10.95 Coefficient|
 []


Overfull \hbox (26.93182pt too wide) in paragraph at lines 14126--14128
 []|\EU1/lmr/m/n/10.95 Std.  error|
 []


Overfull \hbox (23.37885pt too wide) in paragraph at lines 14132--14134
 \EU1/lmr/m/n/10.95 Conf.  interval| 
 []


Overfull \hbox (2.29433pt too wide) in paragraph at lines 14152--14154
 []|\EU1/lmr/m/n/10.95 0.016|
 []


Overfull \hbox (0.80638pt too wide) in paragraph at lines 14154--14156
 []|$\OMS/lmsy/m/n/10.95 ^^@\OT1/lmr/m/n/10.95 5\OML/lmm/m/it/10.95 :\OT1/lmr/m
/n/10.95 69$|
 []


Overfull \hbox (35.00063pt too wide) in paragraph at lines 14158--14160
 []|$\OT1/lmr/m/n/10.95 (\OMS/lmsy/m/n/10.95 ^^@\OT1/lmr/m/n/10.95 0\OML/lmm/m/
it/10.95 :\OT1/lmr/m/n/10.95 123; \OMS/lmsy/m/n/10.95 ^^@\OT1/lmr/m/n/10.95 0\O
ML/lmm/m/it/10.95 :\OT1/lmr/m/n/10.95 059)$| 
 []


Overfull \hbox (2.29433pt too wide) in paragraph at lines 14165--14167
 []|\EU1/lmr/m/n/10.95 0.011|
 []


Overfull \hbox (0.80638pt too wide) in paragraph at lines 14167--14169
 []|$\OMS/lmsy/m/n/10.95 ^^@\OT1/lmr/m/n/10.95 1\OML/lmm/m/it/10.95 :\OT1/lmr/m
/n/10.95 75$|
 []


Overfull \hbox (26.48393pt too wide) in paragraph at lines 14171--14173
 []|$\OT1/lmr/m/n/10.95 (\OMS/lmsy/m/n/10.95 ^^@\OT1/lmr/m/n/10.95 0\OML/lmm/m/
it/10.95 :\OT1/lmr/m/n/10.95 043; 0\OML/lmm/m/it/10.95 :\OT1/lmr/m/n/10.95 003)
$| 
 []


Overfull \hbox (2.29433pt too wide) in paragraph at lines 14178--14180
 []|\EU1/lmr/m/n/10.95 0.021|
 []


Overfull \hbox (2.29433pt too wide) in paragraph at lines 14204--14206
 []|\EU1/lmr/m/n/10.95 0.631|
 []


Overfull \hbox (0.80638pt too wide) in paragraph at lines 14206--14208
 []|$\OMS/lmsy/m/n/10.95 ^^@\OT1/lmr/m/n/10.95 5\OML/lmm/m/it/10.95 :\OT1/lmr/m
/n/10.95 09$|
 []


Overfull \hbox (35.00063pt too wide) in paragraph at lines 14210--14212
 []|$\OT1/lmr/m/n/10.95 (\OMS/lmsy/m/n/10.95 ^^@\OT1/lmr/m/n/10.95 4\OML/lmm/m/
it/10.95 :\OT1/lmr/m/n/10.95 461; \OMS/lmsy/m/n/10.95 ^^@\OT1/lmr/m/n/10.95 1\O
ML/lmm/m/it/10.95 :\OT1/lmr/m/n/10.95 958)$| 
 []


Overfull \hbox (2.29433pt too wide) in paragraph at lines 14217--14219
 []|\EU1/lmr/m/n/10.95 1.039|
 []


Overfull \hbox (0.80638pt too wide) in paragraph at lines 14219--14221
 []|$\OMS/lmsy/m/n/10.95 ^^@\OT1/lmr/m/n/10.95 3\OML/lmm/m/it/10.95 :\OT1/lmr/m
/n/10.95 17$|
 []


Overfull \hbox (35.00063pt too wide) in paragraph at lines 14223--14225
 []|$\OT1/lmr/m/n/10.95 (\OMS/lmsy/m/n/10.95 ^^@\OT1/lmr/m/n/10.95 5\OML/lmm/m/
it/10.95 :\OT1/lmr/m/n/10.95 357; \OMS/lmsy/m/n/10.95 ^^@\OT1/lmr/m/n/10.95 1\O
ML/lmm/m/it/10.95 :\OT1/lmr/m/n/10.95 235)$| 
 []

[180] [181] [182] [183]
Overfull \hbox (12.37408pt too wide) in paragraph at lines 14509--14511
 \EU1/lmr/m/n/10.95 restaurants)| 
 []


Overfull \hbox (8.13113pt too wide) in paragraph at lines 14511--14513
 []|\EU1/lmr/m/n/10.95 Response 
 []


Overfull \hbox (2.29433pt too wide) in paragraph at lines 14518--14520
 []|\EU1/lmr/m/n/10.95 (368)|
 []


Overfull \hbox (1.35344pt too wide) in paragraph at lines 14542--14544
 []|\EU1/lmr/m/n/10.95 64.7|
 []


Overfull \hbox (2.29433pt too wide) in paragraph at lines 14544--14546
 []|\EU1/lmr/m/n/10.95 (238)|
 []


Overfull \hbox (1.35344pt too wide) in paragraph at lines 14555--14557
 []|\EU1/lmr/m/n/10.95 35.3|
 []


Overfull \hbox (2.29433pt too wide) in paragraph at lines 14557--14559
 []|\EU1/lmr/m/n/10.95 (130)|
 []


Overfull \hbox (1.35344pt too wide) in paragraph at lines 14581--14583
 []|\EU1/lmr/m/n/10.95 41.0|
 []


Overfull \hbox (2.29433pt too wide) in paragraph at lines 14583--14585
 []|\EU1/lmr/m/n/10.95 (151)|
 []


Overfull \hbox (1.35344pt too wide) in paragraph at lines 14594--14596
 []|\EU1/lmr/m/n/10.95 24.7|
 []


Overfull \hbox (1.35344pt too wide) in paragraph at lines 14607--14609
 []|\EU1/lmr/m/n/10.95 13.0|
 []


Overfull \hbox (1.35344pt too wide) in paragraph at lines 14620--14622
 []|\EU1/lmr/m/n/10.95 21.2|
 []


Overfull \hbox (0.81123pt too wide) in paragraph at lines 14703--14705
 []|\EU1/lmr/m/n/10.95 (2.63)|
 []


Overfull \hbox (0.81123pt too wide) in paragraph at lines 14736--14738
 []|\EU1/lmr/m/n/10.95 (0.40)|
 []


Overfull \hbox (0.81123pt too wide) in paragraph at lines 14791--14793
 []|\EU1/lmr/m/n/10.95 (0.24)|
 []


Overfull \hbox (0.81123pt too wide) in paragraph at lines 14813--14815
 []|\EU1/lmr/m/n/10.95 (0.64)|
 []

[184] [185] [186]
Underfull \hbox (badness 1237) in paragraph at lines 14991--15015
[]\EU1/lmr/m/n/10.95 The Standardized Coefficients/Beta in the \EU1/lmr/bx/n
/10.95 Coefficients\EU1/lmr/m/n/10.95  table are defined as
 []

[187] [188]
Chapter 9.
[189

] [190]
Overfull \hbox (8.93613pt too wide) in paragraph at lines 15280--15282
 []|\EU1/lmr/m/n/10.95 Slightly
 []


Overfull \hbox (20.92638pt too wide) in paragraph at lines 15280--15282
 \EU1/lmr/m/n/10.95 important|
 []


Overfull \hbox (21.83524pt too wide) in paragraph at lines 15282--15284
 []|\EU1/lmr/m/n/10.95 Important|
 []


Overfull \hbox (20.92638pt too wide) in paragraph at lines 15284--15286
 \EU1/lmr/m/n/10.95 important|
 []


Overfull \hbox (7.13504pt too wide) in paragraph at lines 15286--15288
 []|\EU1/lmr/m/n/10.95 Total|
 []


Overfull \hbox (6.82843pt too wide) in paragraph at lines 15312--15314
 []|\EU1/lmr/m/n/10.95 1.000|
 []


Overfull \hbox (6.82843pt too wide) in paragraph at lines 15338--15340
 []|\EU1/lmr/m/n/10.95 1.000|
 []


Overfull \hbox (6.82843pt too wide) in paragraph at lines 15364--15366
 []|\EU1/lmr/m/n/10.95 1.000|
 []


Overfull \hbox (6.82843pt too wide) in paragraph at lines 15390--15392
 []|\EU1/lmr/m/n/10.95 1.000|
 []


Overfull \hbox (6.82843pt too wide) in paragraph at lines 15416--15418
 []|\EU1/lmr/m/n/10.95 1.000|
 []

[191]
Overfull \hbox (8.93613pt too wide) in paragraph at lines 15433--15435
 []|\EU1/lmr/m/n/10.95 Slightly
 []


Overfull \hbox (20.92638pt too wide) in paragraph at lines 15433--15435
 \EU1/lmr/m/n/10.95 important|
 []


Overfull \hbox (21.83524pt too wide) in paragraph at lines 15435--15437
[]|\EU1/lmr/m/n/10.95 Important|  
 []


Overfull \hbox (20.92638pt too wide) in paragraph at lines 15437--15439
 \EU1/lmr/m/n/10.95 important|
 []


Overfull \hbox (7.13504pt too wide) in paragraph at lines 15439--15441
[]|\EU1/lmr/m/n/10.95 Total|  
 []


Overfull \hbox (6.82843pt too wide) in paragraph at lines 15465--15467
[]|\EU1/lmr/m/n/10.95 1.000|  
 []


Overfull \hbox (6.82843pt too wide) in paragraph at lines 15491--15493
[]|\EU1/lmr/m/n/10.95 1.000|  
 []


Overfull \hbox (6.82843pt too wide) in paragraph at lines 15517--15519
[]|\EU1/lmr/m/n/10.95 1.000|  
 []


Overfull \hbox (6.82843pt too wide) in paragraph at lines 15543--15545
[]|\EU1/lmr/m/n/10.95 1.000|  
 []


Overfull \hbox (6.82843pt too wide) in paragraph at lines 15569--15571
[]|\EU1/lmr/m/n/10.95 1.000|  
 []

[192]
Underfull \vbox (badness 10000) has occurred while \output is active []

[193] [194]
Overfull \hbox (48.14305pt too wide) in alignment at lines 15992--16009
 [] [] [] [] [] 
 []

[195] [196] [197] [198]
Chapter 10.
[199

] [200] [201


] [202] [203] [204] [205] [206] [207] [208] [209] [210] [211]
Underfull \hbox (badness 10000) in paragraph at lines 17004--17005
[][]$[][][][] [] [] [] [][][] [] [][][][][][][][][][][][][][] [] [][][] [] [][]
 [] [][][][][][][][][][][] [] [][][][][][][][][][][][][][][][][][][][][] [] [][
][][][][][][][][][][][][][][][] []
 []


Underfull \hbox (badness 2229) in paragraph at lines 17024--17031
[]\EU1/lmr/m/n/10.95 Measures of variation: \EU1/lmr/bx/n/10.95 Range\EU1/lmr/m
/n/10.95 , \EU1/lmr/bx/n/10.95 Std. deviation \EU1/lmr/m/n/10.95 and \EU1/lmr/b
x/n/10.95 Variance \EU1/lmr/m/n/10.95 under \EU1/lmr/bx/n/10.95 Statis-
 []


Underfull \hbox (badness 1048) in paragraph at lines 17038--17045
[]\EU1/lmr/bx/n/10.95 Stem and leaf plots\EU1/lmr/m/n/10.95 , which are obtaine
d from \EU1/lmr/bx/n/10.95 Analyze/Descriptive Statis-
 []


Underfull \hbox (badness 1264) in paragraph at lines 17038--17045
\EU1/lmr/bx/n/10.95 tics/Explore \EU1/lmr/m/n/10.95 by entering variable(s) und
er \EU1/lmr/bx/n/10.95 Dependent list \EU1/lmr/m/n/10.95 and selecting \EU1/lmr
/bx/n/10.95 Dis-
 []

[212

] [213] [214] [215] [216] [217] [218] [219] [220] [221]
Underfull \hbox (badness 1199) in paragraph at lines 17684--17692
[]\EU1/lmr/m/n/10.95 Consider now the correlations between the ten event scores
 and the final score
 []

[222] [223]
Underfull \hbox (badness 1527) in paragraph at lines 17817--17827
\EU1/lmr/m/n/10.95 Three-way contingency tables are again obtained from \EU1/lm
r/bx/n/10.95 Analyze/Descriptive Statis-
 []

[224] [225] [226] [227]
Overfull \hbox (0.28543pt too wide) in paragraph at lines 18089--18091
\EU1/lmr/m/n/10.95 Explanation of the Table of standard normal tail probabilit
ies in Section @ref(s_disttables_Z): 
 []

[228]
LaTeX Font Info:    External font `lmex10' loaded for size
(Font)              <10> on input line 18128.
LaTeX Font Info:    External font `lmex10' loaded for size
(Font)              <7> on input line 18128.
[229]
Underfull \vbox (badness 10000) detected at line 18278
 []

[230]
Underfull \vbox (badness 10000) detected at line 18345
 []

Package atveryend Info: Empty hook `BeforeClearDocument' on input line 18363.
[231]
Package atveryend Info: Empty hook `AfterLastShipout' on input line 18363.
(./Coursepack-MY451.aux)
Package atveryend Info: Empty hook `AtVeryEndDocument' on input line 18363.
Package atveryend Info: Empty hook `AtEndAfterFileList' on input line 18363.

LaTeX Warning: There were undefined references.


LaTeX Warning: There were multiply-defined labels.

Package atveryend Info: Empty hook `AtVeryVeryEnd' on input line 18363.
 ) 
Here is how much of TeX's memory you used:
 26142 strings out of 495086
 461835 string characters out of 6174758
 579822 words of memory out of 5000000
 29120 multiletter control sequences out of 15000+600000
 56672 words of font info for 93 fonts, out of 8000000 for 9000
 319 hyphenation exceptions out of 8191
 42i,10n,68p,10414b,530s stack positions out of 5000i,500n,10000p,200000b,80000s

Output written on Coursepack-MY451.pdf (245 pages).
